[19:25:05] [main/INFO]: Setting user: Player140
[19:25:12] [Client thread/INFO]: LWJGL Version: 2.9.1
[19:25:35] [Client thread/INFO]: Reloading ResourceManager: Default, FMLFileResourcePack:Forge Mod Loader, FMLFileResourcePack:Minecraft Forge, FMLFileResourcePack:Better Food, FMLFileResourcePack:IndustrialCraft 2, FMLFileResourcePack:Forestry for Minecraft
[19:25:48] [Sound Library Loader/INFO]: Sound engine started
[19:25:51] [Client thread/INFO]: Created: 16x16 textures/blocks-atlas
[19:25:52] [Client thread/INFO]: Created: 16x16 textures/items-atlas
[19:25:55] [Client thread/INFO]: Reloading ResourceManager: Default, FMLFileResourcePack:Forge Mod Loader, FMLFileResourcePack:Minecraft Forge, FMLFileResourcePack:Better Food, FMLFileResourcePack:IndustrialCraft 2, FMLFileResourcePack:Forestry for Minecraft
[19:26:01] [Client thread/INFO]: Created: 1024x512 textures/blocks-atlas
[19:26:02] [Client thread/INFO]: Created: 512x512 textures/items-atlas
[19:26:03] [Sound Library Loader/INFO]: Sound engine started
[19:26:10] [Server thread/INFO]: Starting integrated minecraft server version 1.7.10
[19:26:10] [Server thread/INFO]: Generating keypair
[19:26:11] [Server thread/INFO]: Preparing start region for level 0
[19:26:12] [Server thread/INFO]: Preparing spawn area: 41%
[19:26:13] [Server thread/INFO]: Changing view distance to 2, from 10
[19:26:16] [Server thread/INFO]: Player140[local:E:effa9d9d] logged in with entity id 160 at (709.0065888264108, 5.0, -177.26892403645925)
[19:26:16] [Server thread/INFO]: Player140 joined the game
[19:26:27] [Server thread/INFO]: Player140 has just earned the achievement [Taking Inventory]
[19:26:27] [Client thread/INFO]: [CHAT] Player140 has just earned the achievement [Taking Inventory]
[19:28:33] [Server thread/INFO]: Saving and pausing game...
[19:28:33] [Server thread/INFO]: Saving chunks for level 'New World'/Overworld
[19:28:33] [Server thread/INFO]: Saving chunks for level 'New World'/Nether
[19:28:33] [Server thread/INFO]: Saving chunks for level 'New World'/The End
[19:28:33] [Server thread/INFO]: Stopping server
[19:28:33] [Server thread/INFO]: Saving players
[19:28:33] [Server thread/INFO]: Saving worlds
[19:28:33] [Server thread/INFO]: Saving chunks for level 'New World'/Overworld
[19:28:33] [Server thread/INFO]: Saving chunks for level 'New World'/Nether
[19:28:33] [Server thread/INFO]: Saving chunks for level 'New World'/The End
[19:28:34] [Client thread/INFO]: Stopping!
